<?xml version="1.0" encoding="utf-8"?><testsuites name="pytest tests"><testsuite name="pytest" errors="0" failures="1" skipped="0" tests="62" time="21.581" timestamp="2026-07-09T05:46:16.961094+00:00" hostname="agent-env-8fc0f6d1-e8ee-4240-a8c1-447093d591fa"><testcase classname="backend.tests.test_legacy_backend.TestHealth" name="test_root" time="0.237" /><testcase classname="backend.tests.test_legacy_backend.TestAuth" name="test_guest_login_creates_session" time="0.045" /><testcase classname="backend.tests.test_legacy_backend.TestAuth" name="test_me_with_bearer" time="0.090" /><testcase classname="backend.tests.test_legacy_backend.TestAuth" name="test_me_without_bearer_401" time="0.042" /><testcase classname="backend.tests.test_legacy_backend.TestMentors" name="test_list_mentors_has_17" time="0.043" /><testcase classname="backend.tests.test_legacy_backend.TestMentors" name="test_filter_by_category[photography-expected_ids0]" time="0.044" /><testcase classname="backend.tests.test_legacy_backend.TestMentors" name="test_filter_by_category[music-expected_ids1]" time="0.046" /><testcase classname="backend.tests.test_legacy_backend.TestMentors" name="test_filter_by_category[sports-expected_ids2]" time="0.043" /><testcase classname="backend.tests.test_legacy_backend.TestMentors" name="test_filter_by_category[languages-expected_ids3]" time="0.043" /><testcase classname="backend.tests.test_legacy_backend.TestMentors" name="test_filter_by_category[ai-expected_ids4]" time="0.044" /><testcase classname="backend.tests.test_legacy_backend.TestMentors" name="test_get_mentor_detail" time="0.045" /><testcase classname="backend.tests.test_legacy_backend.TestMentors" name="test_mentor_not_found" time="0.042" /><testcase classname="backend.tests.test_legacy_backend.TestVault" name="test_vault_16" time="0.049" /><testcase classname="backend.tests.test_legacy_backend.TestVault" name="test_vault_item_has_content_and_pages" time="0.089" /><testcase classname="backend.tests.test_legacy_backend.TestVault" name="test_bookmark_toggle" time="0.162" /><testcase classname="backend.tests.test_legacy_backend.TestCareers" name="test_careers_25" time="0.044" /><testcase classname="backend.tests.test_legacy_backend.TestCareers" name="test_new_career_present[car_ai_research]" time="0.051" /><testcase classname="backend.tests.test_legacy_backend.TestCareers" name="test_new_career_present[car_data_science]" time="0.045" /><testcase classname="backend.tests.test_legacy_backend.TestCareers" name="test_new_career_present[car_ca]" time="0.043" /><testcase classname="backend.tests.test_legacy_backend.TestCareers" name="test_new_career_present[car_journalism]" time="0.044" /><testcase classname="backend.tests.test_legacy_backend.TestCareers" name="test_new_career_present[car_psychology]" time="0.045" /><testcase classname="backend.tests.test_legacy_backend.TestCareers" name="test_new_career_present[car_architect]" time="0.042" /><testcase classname="backend.tests.test_legacy_backend.TestCareers" name="test_new_career_present[car_content_creator]" time="0.041" /><testcase classname="backend.tests.test_legacy_backend.TestCareers" name="test_new_career_present[car_civil_services]" time="0.041" /><testcase classname="backend.tests.test_legacy_backend.TestCareers" name="test_new_career_present[car_scientist]" time="0.043" /><testcase classname="backend.tests.test_legacy_backend.TestCareers" name="test_new_career_present[car_athlete]" time="0.044" /><testcase classname="backend.tests.test_legacy_backend.TestCareers" name="test_new_career_present[car_musician]" time="0.042" /><testcase classname="backend.tests.test_legacy_backend.TestCareers" name="test_new_career_present[car_teacher]" time="0.042" /><testcase classname="backend.tests.test_legacy_backend.TestCareers" name="test_new_career_present[car_diplomat]" time="0.042" /><testcase classname="backend.tests.test_legacy_backend.TestCareers" name="test_new_career_present[car_filmmaker]" time="0.045" /><testcase classname="backend.tests.test_legacy_backend.TestCareers" name="test_new_career_present[car_astronaut]" time="0.047" /><testcase classname="backend.tests.test_legacy_backend.TestCareers" name="test_new_career_present[car_chef]" time="0.042" /><testcase classname="backend.tests.test_legacy_backend.TestCareers" name="test_new_career_present[car_medicine_research]" time="0.042" /><testcase classname="backend.tests.test_legacy_backend.TestCommunity" name="test_events_14" time="0.043" /><testcase classname="backend.tests.test_legacy_backend.TestCommunity" name="test_event_detail_has_fields" time="0.084" /><testcase classname="backend.tests.test_legacy_backend.TestCommunity" name="test_rsvp_toggle_and_counter" time="0.347" /><testcase classname="backend.tests.test_legacy_backend.TestCommunity" name="test_my_rsvps" time="0.044" /><testcase classname="backend.tests.test_legacy_backend.TestMentorApplications" name="test_apply_and_fetch" time="0.110" /><testcase classname="backend.tests.test_legacy_backend.TestNotifications" name="test_seed_and_list" time="0.124"><failure message="assert (True and 2 &gt;= 3)&#10; +  where True = isinstance([{'notif_id': 'n_643582af0d', 'user_id': 'user_5f51a7b8ec7b', 'kind': 'mentor_application', 'message': 'Your mentor application was received! Our team will review it in 48 hours.', ...}, {'notif_id': 'n_b224fc0d70', 'user_id': 'user_5f51a7b8ec7b', 'kind': 'event_rsvp', 'message': &quot;You're registered for MUN Strategy Workshop&quot;, ...}], list)&#10; +  and   2 = len([{'notif_id': 'n_643582af0d', 'user_id': 'user_5f51a7b8ec7b', 'kind': 'mentor_application', 'message': 'Your mentor application was received! Our team will review it in 48 hours.', ...}, {'notif_id': 'n_b224fc0d70', 'user_id': 'user_5f51a7b8ec7b', 'kind': 'event_rsvp', 'message': &quot;You're registered for MUN Strategy Workshop&quot;, ...}])">backend/tests/test_legacy_backend.py:199: in test_seed_and_list
    assert isinstance(arr, list) and len(arr) &gt;= 3
E   assert (True and 2 &gt;= 3)
E    +  where True = isinstance([{'notif_id': 'n_643582af0d', 'user_id': 'user_5f51a7b8ec7b', 'kind': 'mentor_application', 'message': 'Your mentor application was received! Our team will review it in 48 hours.', ...}, {'notif_id': 'n_b224fc0d70', 'user_id': 'user_5f51a7b8ec7b', 'kind': 'event_rsvp', 'message': "You're registered for MUN Strategy Workshop", ...}], list)
E    +  and   2 = len([{'notif_id': 'n_643582af0d', 'user_id': 'user_5f51a7b8ec7b', 'kind': 'mentor_application', 'message': 'Your mentor application was received! Our team will review it in 48 hours.', ...}, {'notif_id': 'n_b224fc0d70', 'user_id': 'user_5f51a7b8ec7b', 'kind': 'event_rsvp', 'message': "You're registered for MUN Strategy Workshop", ...}])</failure></testcase><testcase classname="backend.tests.test_legacy_backend.TestNotifications" name="test_read_all" time="0.045" /><testcase classname="backend.tests.test_legacy_backend.TestThrive" name="test_stories_4" time="0.041" /><testcase classname="backend.tests.test_legacy_backend.TestThrive" name="test_groups_6" time="0.042" /><testcase classname="backend.tests.test_legacy_backend.TestThrive" name="test_challenges_5_with_done_flag" time="0.042" /><testcase classname="backend.tests.test_legacy_backend.TestThrive" name="test_challenge_complete_flips_done" time="0.111" /><testcase classname="backend.tests.test_legacy_backend.TestThrive" name="test_mood_log_and_history" time="0.152" /><testcase classname="backend.tests.test_legacy_backend.TestThrive" name="test_journal_save_and_get" time="0.128" /><testcase classname="backend.tests.test_legacy_backend.TestThrive" name="test_wellness_summary" time="0.084" /><testcase classname="backend.tests.test_legacy_backend.TestThrive" name="test_encourage" time="0.068" /><testcase classname="backend.tests.test_legacy_backend.TestBookings" name="test_create_booking" time="0.050" /><testcase classname="backend.tests.test_legacy_backend.TestBookings" name="test_bookings_list" time="0.044" /><testcase classname="backend.tests.test_legacy_backend.TestCareerChat" name="test_nonstream_under_20s" time="9.650" /><testcase classname="backend.tests.test_legacy_backend.TestCareerChat" name="test_stream_sse" time="4.823" /><testcase classname="backend.tests.test_legacy_backend.TestCareerChat" name="test_history" time="3.187" /><testcase classname="backend.tests.test_legacy_backend.TestImpact" name="test_impact" time="0.044" /><testcase classname="backend.tests.test_legacy_backend.TestCategories" name="test_categories" time="0.046" /><testcase classname="backend.tests.test_legacy_backend.TestUnauthEndpoints" name="test_no_bearer_401[GET-/api/auth/me-None]" time="0.044" /><testcase classname="backend.tests.test_legacy_backend.TestUnauthEndpoints" name="test_no_bearer_401[GET-/api/bookings-None]" time="0.045" /><testcase classname="backend.tests.test_legacy_backend.TestUnauthEndpoints" name="test_no_bearer_401[POST-/api/bookings-body2]" time="0.045" /><testcase classname="backend.tests.test_legacy_backend.TestUnauthEndpoints" name="test_no_bearer_401[GET-/api/impact-None]" time="0.042" /><testcase classname="backend.tests.test_legacy_backend.TestUnauthEndpoints" name="test_no_bearer_401[GET-/api/notifications-None]" time="0.042" /><testcase classname="backend.tests.test_legacy_backend.TestUnauthEndpoints" name="test_no_bearer_401[POST-/api/thrive/mood-body5]" time="0.046" /><testcase classname="backend.tests.test_legacy_backend.TestUnauthEndpoints" name="test_no_bearer_401[POST-/api/mentor-applications-body6]" time="0.043" /></testsuite></testsuites>