<?xml version="1.0" encoding="utf-8"?><testsuites name="pytest tests"><testsuite name="pytest" errors="0" failures="0" skipped="0" tests="32" time="34.290" timestamp="2026-07-07T18:19:11.876848+00:00" hostname="agent-env-8fc0f6d1-e8ee-4240-a8c1-447093d591fa"><testcase classname="backend.tests.test_legacy_backend.TestHealth" name="test_root" time="0.146" /><testcase classname="backend.tests.test_legacy_backend.TestAuth" name="test_guest_login_creates_session" time="0.049" /><testcase classname="backend.tests.test_legacy_backend.TestAuth" name="test_me_with_bearer" time="0.100" /><testcase classname="backend.tests.test_legacy_backend.TestAuth" name="test_me_without_bearer_401" time="0.046" /><testcase classname="backend.tests.test_legacy_backend.TestAuth" name="test_logout_and_then_me_401" time="0.142" /><testcase classname="backend.tests.test_legacy_backend.TestMentors" name="test_list_mentors_has_6" time="0.047" /><testcase classname="backend.tests.test_legacy_backend.TestMentors" name="test_filter_by_category_coding" time="0.049" /><testcase classname="backend.tests.test_legacy_backend.TestMentors" name="test_search_ananya" time="0.047" /><testcase classname="backend.tests.test_legacy_backend.TestMentors" name="test_get_mentor_detail" time="0.045" /><testcase classname="backend.tests.test_legacy_backend.TestMentors" name="test_reviews" time="0.045" /><testcase classname="backend.tests.test_legacy_backend.TestMentors" name="test_mentor_not_found" time="0.057" /><testcase classname="backend.tests.test_legacy_backend.TestCategories" name="test_categories_15" time="0.045" /><testcase classname="backend.tests.test_legacy_backend.TestVault" name="test_vault_9" time="0.045" /><testcase classname="backend.tests.test_legacy_backend.TestVault" name="test_vault_collections" time="0.045" /><testcase classname="backend.tests.test_legacy_backend.TestCareers" name="test_careers_8" time="0.044" /><testcase classname="backend.tests.test_legacy_backend.TestCareers" name="test_career_marketing_detail" time="0.046" /><testcase classname="backend.tests.test_legacy_backend.TestCommunity" name="test_events_6" time="0.045" /><testcase classname="backend.tests.test_legacy_backend.TestCommunity" name="test_workshops_filter" time="0.044" /><testcase classname="backend.tests.test_legacy_backend.TestBookings" name="test_create_booking_and_increment_sessions" time="0.133" /><testcase classname="backend.tests.test_legacy_backend.TestBookings" name="test_bookings_list" time="0.051" /><testcase classname="backend.tests.test_legacy_backend.TestBookings" name="test_bookings_unauth_401" time="0.051" /><testcase classname="backend.tests.test_legacy_backend.TestImpact" name="test_impact" time="0.050" /><testcase classname="backend.tests.test_legacy_backend.TestCareerChat" name="test_career_chat_nonstream" time="9.770" /><testcase classname="backend.tests.test_legacy_backend.TestCareerChat" name="test_career_chat_stream_sse" time="22.732" /><testcase classname="backend.tests.test_legacy_backend.TestCareerChat" name="test_get_chat_history" time="0.053" /><testcase classname="backend.tests.test_legacy_backend.TestUnauthEndpoints" name="test_no_bearer_returns_401[GET-/api/auth/me-None]" time="0.047" /><testcase classname="backend.tests.test_legacy_backend.TestUnauthEndpoints" name="test_no_bearer_returns_401[POST-/api/auth/logout-None]" time="0.063" /><testcase classname="backend.tests.test_legacy_backend.TestUnauthEndpoints" name="test_no_bearer_returns_401[GET-/api/bookings-None]" time="0.047" /><testcase classname="backend.tests.test_legacy_backend.TestUnauthEndpoints" name="test_no_bearer_returns_401[POST-/api/bookings-body3]" time="0.046" /><testcase classname="backend.tests.test_legacy_backend.TestUnauthEndpoints" name="test_no_bearer_returns_401[GET-/api/impact-None]" time="0.041" /><testcase classname="backend.tests.test_legacy_backend.TestUnauthEndpoints" name="test_no_bearer_returns_401[GET-/api/career-chat/xyz-None]" time="0.045" /><testcase classname="backend.tests.test_legacy_backend.TestUnauthEndpoints" name="test_no_bearer_returns_401[POST-/api/career-chat-body6]" time="0.044" /></testsuite></testsuites>